#
# A fatal error has been detected by the Java Runtime Environment:
#
#  EXCEPTION_ACCESS_VIOLATION (0xc0000005) at pc=0x00007ffe2e00c52a, pid=41820, tid=49708
#
# JRE version: OpenJDK Runtime Environment Temurin-17+35 (17.0+35) (build 17+35)
# Java VM: OpenJDK 64-Bit Server VM Temurin-17+35 (17+35, mixed mode, tiered, compressed oops, compressed class ptrs, g1 gc, windows-amd64)
# Problematic frame:
# V  [jvm.dll+0x79c52a]
#
# No core dump will be written. Minidumps are not enabled by default on client versions of Windows
#
# If you would like to submit a bug report, please visit:
#   https://github.com/adoptium/adoptium-support/issues
#

---------------  S U M M A R Y ------------

Command Line: -XX:+ShowCodeDetailsInExceptionMessages -agentlib:jdwp=transport=dt_socket,suspend=y,address=localhost:60376 -javaagent:C:\Users\dougl\eclipse\java-2021-09\eclipse\configuration\org.eclipse.osgi\222\0\.cp\lib\javaagent-shaded.jar -Dfile.encoding=UTF-8 br.unicap.ed2.avl.ArvoreAVL

Host: Intel(R) Core(TM) i5-9300HF CPU @ 2.40GHz, 8 cores, 7G,  Windows 10 , 64 bit Build 19041 (10.0.19041.1202)
Time: Wed Nov 10 14:51:11 2021 Hora Padrão de Buenos Aires elapsed time: 450.639627 seconds (0d 0h 7m 30s)

---------------  T H R E A D  ---------------

Current thread (0x000001d9e4a9ba10):  JavaThread "JDWP Transport Listener: dt_socket" daemon [_thread_in_vm, id=49708, stack(0x000000960e200000,0x000000960e300000)]

Stack: [0x000000960e200000,0x000000960e300000],  sp=0x000000960e2ff7c0,  free space=1021k
Native frames: (J=compiled Java code, j=interpreted, Vv=VM code, C=native code)
V  [jvm.dll+0x79c52a]
V  [jvm.dll+0x50867c]
V  [jvm.dll+0x4cfce4]
C  [jdwp.dll+0x22dff]


siginfo: EXCEPTION_ACCESS_VIOLATION (0xc0000005), reading address 0x0000000000b60014


Register to memory mapping:

RIP=0x00007ffe2e00c52a jvm.dll
RAX=0x00000000000000b7 is an unknown value
RBX=0x000001d9e48134de points into unknown readable memory: 2f 75
RCX=0x0000000000b60010 is an unknown value
RDX=0x000001d9e50339f0 points into unknown readable memory: 0x63696e752f72624c | 4c 62 72 2f 75 6e 69 63
RSP=0x000000960e2ff7c0 is pointing into the stack for thread: 0x000001d9e4a9ba10
RBP=0x000001d9e4a92bd0 points into unknown readable memory: 0x0000000000000002 | 02 00 00 00 00 00 00 00
RSI=0x0 is NULL
RDI=0xffffffffffffffff is an unknown value
R8 =0x00000000000000ec is an unknown value
R9 =0x0000000000000040 is an unknown value
R10=0x00000000000000c0 is an unknown value
R11=0x000000960e2ff7e0 is pointing into the stack for thread: 0x000001d9e4a9ba10
R12=0x000000960e2ff918 is pointing into the stack for thread: 0x000001d9e4a9ba10
R13=0x0 is NULL
R14=0x00000001000c5548 is a pointer to class: 
br.unicap.ed2.avl.ArvoreAVL {0x00000001000c5550}
 - instance size:     2
 - klass size:        91
 - access:            public synchronized 
 - state:             fully_initialized
 - name:              'br/unicap/ed2/avl/ArvoreAVL'
 - super:             'br/unicap/ed2/base/AbstractArvoreBinariaDePesquisa'
 - sub:               
 - arrays:            NULL
 - methods:           Array<T>(0x000001d9e5840fd0)
 - method ordering:   Array<T>(0x000001d9e5841058)
 - default_methods:   Array<T>(0x0000000000000000)
 - local interfaces:  Array<T>(0x000001d9e4000058)
 - trans. interfaces: Array<T>(0x000001d9e4000058)
 - constants:         constant pool [192] {0x000001d9e5846ac8} for 'br/unicap/ed2/avl/ArvoreAVL' cache=0x000001d9e5842258
 - class loader data:  loader data: 0x000001d9e48a0160 for instance a 'jdk/internal/loader/ClassLoaders$AppClassLoader'{0x0000000089157140}
 - source file:       'ArvoreAVL.java'
 - source debug extension:       SMAP
ArvoreAVL.java
Java
*S jdt
*F
1 ArvoreAVL.java
2 file:/C:/Users/dougl/Desktop/Douglas/Estudos/Unicap/Estrutura%20de%20dados%202/Testes/Arvores/Ed2Teste/target/classes/
*L
*E

 - class annotations:       Array<T>(0x0000000000000000)
 - class type annotations:  Array<T>(0x0000000000000000)
 - field annotations:       Array<T>(0x0000000000000000)
 - field type annotations:  Array<T>(0x0000000000000000)
 - previous version:  constant pool [170] {0x000001d9e5839b38} for 'br/unicap/ed2/avl/ArvoreAVL' (extra) cache=0x000001d9e583efd0
 - generic signature: '
[error occurred during error reporting (printing register info), id 0xc0000005, EXCEPTION_ACCESS_VIOLATION (0xc0000005) at pc=0x00007ffe2e00d136]

Registers:
RAX=0x00000000000000b7, RBX=0x000001d9e48134de, RCX=0x0000000000b60010, RDX=0x000001d9e50339f0
RSP=0x000000960e2ff7c0, RBP=0x000001d9e4a92bd0, RSI=0x0000000000000000, RDI=0xffffffffffffffff
R8 =0x00000000000000ec, R9 =0x0000000000000040, R10=0x00000000000000c0, R11=0x000000960e2ff7e0
R12=0x000000960e2ff918, R13=0x0000000000000000, R14=0x00000001000c5548, R15=0x000000960e2ff968
RIP=0x00007ffe2e00c52a, EFLAGS=0x0000000000010206

Top of Stack: (sp=0x000000960e2ff7c0)
0x000000960e2ff7c0:   000000000000001b 00000001000c5548
0x000000960e2ff7d0:   000001d9e4a9ba10 0000000000000000
0x000000960e2ff7e0:   ffffffffffffffff 00007ffe2dd7867c
0x000000960e2ff7f0:   000001d9e48134de 000001d9e48134c0
0x000000960e2ff800:   000001d9e4a92bd0 000001d9e5032ee0
0x000000960e2ff810:   000001d9e4813490 00000000000003d8
0x000000960e2ff820:   000001d9e48134a0 000001d9e4813878
0x000000960e2ff830:   0000000000000002 000000960e2ff918
0x000000960e2ff840:   0000000000000000 0000000000000000
0x000000960e2ff850:   0000000088dd5c88 00007ffe2dd3fce4
0x000000960e2ff860:   000001d9e4a9ba10 000000960e2ff968
0x000000960e2ff870:   000001d9c9e5b1c0 000000960e2ff968
0x000000960e2ff880:   000001d9e4a9ba10 0000000000000000
0x000000960e2ff890:   000001d900000000 0000000000000000
0x000000960e2ff8a0:   000000000000000d 00007ffe741b2dff
0x000000960e2ff8b0:   000000960e2ff960 00007ffe741c1aa0 

Instructions: (pc=0x00007ffe2e00c52a)
0x00007ffe2e00c42a:   48 83 c4 20 5f e9 6c 96 90 ff cc cc cc cc cc cc
0x00007ffe2e00c43a:   cc cc cc cc cc cc 48 89 5c 24 08 57 48 83 ec 20
0x00007ffe2e00c44a:   83 fa 02 8d 42 06 b9 08 00 00 00 49 8b d8 0f 4e
0x00007ffe2e00c45a:   c1 48 63 c8 48 83 c1 07 83 e1 f8 48 63 f9 49 8b
0x00007ffe2e00c46a:   48 18 48 8b c7 48 f7 d0 48 3b c1 73 16 4c 8d 05
0x00007ffe2e00c47a:   ba 4c 17 00 48 8b d7 48 8b cb e8 77 f9 90 ff 48
0x00007ffe2e00c48a:   8b 4b 18 48 8d 04 39 48 3b 43 20 76 18 45 33 c0
0x00007ffe2e00c49a:   48 8b d7 48 8b cb 48 8b 5c 24 30 48 83 c4 20 5f
0x00007ffe2e00c4aa:   e9 d1 f5 90 ff 48 89 43 18 48 8b c1 48 8b 5c 24
0x00007ffe2e00c4ba:   30 48 83 c4 20 5f c3 cc cc cc cc cc cc cc cc cc
0x00007ffe2e00c4ca:   cc cc cc cc cc cc 4c 8b d2 4c 8b d9 45 85 c0 7e
0x00007ffe2e00c4da:   3c 44 0f b7 49 04 41 8d 40 ff 41 3b c1 44 0f 4c
0x00007ffe2e00c4ea:   c8 4d 63 c1 45 85 c9 7e 1f 48 8b c2 4c 2b da 49
0x00007ffe2e00c4fa:   8b d0 0f 1f 40 00 41 0f b6 4c 03 06 88 08 48 8d
0x00007ffe2e00c50a:   40 01 48 83 ea 01 75 ee 43 c6 04 10 00 49 8b c2
0x00007ffe2e00c51a:   c3 cc cc cc cc cc 48 89 5c 24 08 57 48 83 ec 20
0x00007ffe2e00c52a:   0f b7 59 04 48 8b f9 33 d2 48 8d 4b 01 e8 24 e8
0x00007ffe2e00c53a:   f2 ff 0f b7 57 04 4c 8b c0 3b da 0f 42 d3 44 8b
0x00007ffe2e00c54a:   ca 85 d2 74 39 48 2b f8 0f 1f 40 00 66 66 0f 1f
0x00007ffe2e00c55a:   84 00 00 00 00 00 0f b6 4c 07 06 88 08 48 ff c0
0x00007ffe2e00c56a:   48 8b c8 49 2b c8 49 3b c9 7c eb 42 c6 04 02 00
0x00007ffe2e00c57a:   49 8b c0 48 8b 5c 24 30 48 83 c4 20 5f c3 48 8b
0x00007ffe2e00c58a:   5c 24 30 c6 04 02 00 48 83 c4 20 5f c3 cc cc cc
0x00007ffe2e00c59a:   cc cc cc cc cc cc 4c 8b d1 45 85 c0 7e 6c 44 0f
0x00007ffe2e00c5aa:   b7 49 04 41 8d 40 ff 41 3b c1 44 0f 4c c8 4d 63
0x00007ffe2e00c5ba:   d9 45 85 c9 7e 22 48 8b ca 4c 2b d2 4d 8b c3 0f
0x00007ffe2e00c5ca:   1f 80 00 00 00 00 41 0f b6 44 0a 06 88 01 48 8d
0x00007ffe2e00c5da:   49 01 49 83 e8 01 75 ee 41 c6 04 13 00 48 c7 c0
0x00007ffe2e00c5ea:   ff ff ff ff 66 90 48 ff c0 80 3c 02 00 75 f7 48
0x00007ffe2e00c5fa:   63 c8 85 c0 48 8b c2 7e 14 80 38 2f 75 03 c6 00
0x00007ffe2e00c60a:   2e 48 ff c0 48 83 e9 01 75 ef 48 8b c2 c3 cc cc
0x00007ffe2e00c61a:   cc cc cc cc cc cc 48 83 ec 28 e8 f7 fe ff ff 4c 


Stack slot to memory mapping:
stack at sp + 0 slots: 0x000000000000001b is an unknown value
stack at sp + 1 slots: 0x00000001000c5548 is a pointer to class: 
br.unicap.ed2.avl.ArvoreAVL {0x00000001000c5550}
 - instance size:     2
 - klass size:        91
 - access:            public synchronized 
 - state:             fully_initialized
 - name:              'br/unicap/ed2/avl/ArvoreAVL'
 - super:             'br/unicap/ed2/base/AbstractArvoreBinariaDePesquisa'
 - sub:               
 - arrays:            NULL
 - methods:           Array<T>(0x000001d9e5840fd0)
 - method ordering:   Array<T>(0x000001d9e5841058)
 - default_methods:   Array<T>(0x0000000000000000)
 - local interfaces:  Array<T>(0x000001d9e4000058)
 - trans. interfaces: Array<T>(0x000001d9e4000058)
 - constants:         constant pool [192] {0x000001d9e5846ac8} for 'br/unicap/ed2/avl/ArvoreAVL' cache=0x000001d9e5842258
 - class loader data:  loader data: 0x000001d9e48a0160 for instance a 'jdk/internal/loader/ClassLoaders$AppClassLoader'{0x0000000089157140}
 - source file:       'ArvoreAVL.java'
 - source debug extension:       SMAP
ArvoreAVL.java
Java
*S jdt
*F
1 ArvoreAVL.java
2 file:/C:/Users/dougl/Desktop/Douglas/Estudos/Unicap/Estrutura%20de%20dados%202/Testes/Arvores/Ed2Teste/target/classes/
*L
*E

 - class annotations:       Array<T>(0x0000000000000000)
 - class type annotations:  Array<T>(0x0000000000000000)
 - field annotations:       Array<T>(0x0000000000000000)
 - field type annotations:  Array<T>(0x0000000000000000)
 - previous version:  constant pool [170] {0x000001d9e5839b38} for 'br/unicap/ed2/avl/ArvoreAVL' (extra) cache=0x000001d9e583efd0
 - generic signature: '
[error occurred during error reporting (inspecting top of stack), id 0xc0000005, EXCEPTION_ACCESS_VIOLATION (0xc0000005) at pc=0x00007ffe2e00d136]


---------------  P R O C E S S  ---------------

Threads class SMR info:
_java_thread_list=0x000001d9e50338d0, length=15, elements={
0x000001d9c9e6c5d0, 0x000001d9e3de4a90, 0x000001d9e3de69a0, 0x000001d9e3e3b2a0,
0x000001d9e3e3be50, 0x000001d9e4800080, 0x000001d9e4800940, 0x000001d9e4804a30,
0x000001d9e480f4f0, 0x000001d9e4810ef0, 0x000001d9e498ab30, 0x000001d9e4a9ba10,
0x000001d9e4ab0dd0, 0x000001d9e4ab12c0, 0x000001d9e4fe8790
}

Java Threads: ( => current thread )
  0x000001d9c9e6c5d0 JavaThread "main" [_thread_blocked, id=48704, stack(0x000000960d100000,0x000000960d200000)]
  0x000001d9e3de4a90 JavaThread "Reference Handler" daemon [_thread_blocked, id=29620, stack(0x000000960d800000,0x000000960d900000)]
  0x000001d9e3de69a0 JavaThread "Finalizer" daemon [_thread_blocked, id=48372, stack(0x000000960d900000,0x000000960da00000)]
  0x000001d9e3e3b2a0 JavaThread "Signal Dispatcher" daemon [_thread_blocked, id=30508, stack(0x000000960da00000,0x000000960db00000)]
  0x000001d9e3e3be50 JavaThread "Attach Listener" daemon [_thread_blocked, id=44480, stack(0x000000960db00000,0x000000960dc00000)]
  0x000001d9e4800080 JavaThread "Service Thread" daemon [_thread_blocked, id=36052, stack(0x000000960dc00000,0x000000960dd00000)]
  0x000001d9e4800940 JavaThread "Monitor Deflation Thread" daemon [_thread_blocked, id=28400, stack(0x000000960dd00000,0x000000960de00000)]
  0x000001d9e4804a30 JavaThread "C2 CompilerThread0" daemon [_thread_blocked, id=36692, stack(0x000000960de00000,0x000000960df00000)]
  0x000001d9e480f4f0 JavaThread "C1 CompilerThread0" daemon [_thread_blocked, id=11428, stack(0x000000960df00000,0x000000960e000000)]
  0x000001d9e4810ef0 JavaThread "Sweeper thread" daemon [_thread_blocked, id=30092, stack(0x000000960e000000,0x000000960e100000)]
  0x000001d9e498ab30 JavaThread "Common-Cleaner" daemon [_thread_blocked, id=13672, stack(0x000000960e100000,0x000000960e200000)]
=>0x000001d9e4a9ba10 JavaThread "JDWP Transport Listener: dt_socket" daemon [_thread_in_vm, id=49708, stack(0x000000960e200000,0x000000960e300000)]
  0x000001d9e4ab0dd0 JavaThread "JDWP Event Helper Thread" daemon [_thread_blocked, id=20488, stack(0x000000960e300000,0x000000960e400000)]
  0x000001d9e4ab12c0 JavaThread "JDWP Command Reader" daemon [_thread_in_native, id=2120, stack(0x000000960e400000,0x000000960e500000)]
  0x000001d9e4fe8790 JavaThread "Notification Thread" daemon [_thread_blocked, id=47544, stack(0x000000960e500000,0x000000960e600000)]

Other Threads:
  0x000001d9e3d9d020 VMThread "VM Thread" [stack: 0x000000960d700000,0x000000960d800000] [id=41316]
  0x000001d9e50d1c50 WatcherThread [stack: 0x000000960e600000,0x000000960e700000] [id=50756]
  0x000001d9c9eaa880 GCTaskThread "GC Thread#0" [stack: 0x000000960d200000,0x000000960d300000] [id=41500]
  0x000001d9c9ebc590 ConcurrentGCThread "G1 Main Marker" [stack: 0x000000960d300000,0x000000960d400000] [id=33776]
  0x000001d9c9ebd7b0 ConcurrentGCThread "G1 Conc#0" [stack: 0x000000960d400000,0x000000960d500000] [id=12376]
  0x000001d9c9f49350 ConcurrentGCThread "G1 Refine#0" [stack: 0x000000960d500000,0x000000960d600000] [id=9780]
  0x000001d9c9f49d70 ConcurrentGCThread "G1 Service" [stack: 0x000000960d600000,0x000000960d700000] [id=23100]

Threads with active compile tasks:

VM state: not at safepoint (normal execution)

VM Mutex/Monitor currently owned by a thread: None

Heap address: 0x0000000081200000, size: 2030 MB, Compressed Oops mode: 32-bit

CDS archive(s) not mapped
Compressed class space mapped at: 0x0000000100000000-0x0000000140000000, reserved size: 1073741824
Narrow klass base: 0x0000000000000000, Narrow klass shift: 3, Narrow klass range: 0x140000000

GC Precious Log:
 CPUs: 8 total, 8 available
 Memory: 8112M
 Large Page Support: Disabled
 NUMA Support: Disabled
 Compressed Oops: Enabled (32-bit)
 Heap Region Size: 1M
 Heap Min Capacity: 8M
 Heap Initial Capacity: 128M
 Heap Max Capacity: 2030M
 Pre-touch: Disabled
 Parallel Workers: 8
 Concurrent Workers: 2
 Concurrent Refinement Workers: 8
 Periodic GC: Disabled

Heap:
 garbage-first heap   total 131072K, used 5120K [0x0000000081200000, 0x0000000100000000)
  region size 1024K, 6 young (6144K), 0 survivors (0K)
 Metaspace       used 9337K, committed 9472K, reserved 1064960K
  class space    used 805K, committed 896K, reserved 1048576K

Heap Regions: E=young(eden), S=young(survivor), O=old, HS=humongous(starts), HC=humongous(continues), CS=collection set, F=free, OA=open archive, CA=closed archive, TAMS=top-at-mark-start (previous, next)
|   0|0x0000000081200000, 0x0000000081200000, 0x0000000081300000|  0%| F|  |TAMS 0x0000000081200000, 0x0000000081200000| Untracked 
|   1|0x0000000081300000, 0x0000000081300000, 0x0000000081400000|  0%| F|  |TAMS 0x0000000081300000, 0x0000000081300000| Untracked 
|   2|0x0000000081400000, 0x0000000081400000, 0x0000000081500000|  0%| F|  |TAMS 0x0000000081400000, 0x0000000081400000| Untracked 
|   3|0x0000000081500000, 0x0000000081500000, 0x0000000081600000|  0%| F|  |TAMS 0x0000000081500000, 0x0000000081500000| Untracked 
|   4|0x0000000081600000, 0x0000000081600000, 0x0000000081700000|  0%| F|  |TAMS 0x0000000081600000, 0x0000000081600000| Untracked 
|   5|0x0000000081700000, 0x0000000081700000, 0x0000000081800000|  0%| F|  |TAMS 0x0000000081700000, 0x0000000081700000| Untracked 
|   6|0x0000000081800000, 0x0000000081800000, 0x0000000081900000|  0%| F|  |TAMS 0x0000000081800000, 0x0000000081800000| Untracked 
|   7|0x0000000081900000, 0x0000000081900000, 0x0000000081a00000|  0%| F|  |TAMS 0x0000000081900000, 0x0000000081900000| Untracked 
|   8|0x0000000081a00000, 0x0000000081a00000, 0x0000000081b00000|  0%| F|  |TAMS 0x0000000081a00000, 0x0000000081a00000| Untracked 
|   9|0x0000000081b00000, 0x0000000081b00000, 0x0000000081c00000|  0%| F|  |TAMS 0x0000000081b00000, 0x0000000081b00000| Untracked 
|  10|0x0000000081c00000, 0x0000000081c00000, 0x0000000081d00000|  0%| F|  |TAMS 0x0000000081c00000, 0x0000000081c00000| Untracked 
|  11|0x0000000081d00000, 0x0000000081d00000, 0x0000000081e00000|  0%| F|  |TAMS 0x0000000081d00000, 0x0000000081d00000| Untracked 
|  12|0x0000000081e00000, 0x0000000081e00000, 0x0000000081f00000|  0%| F|  |TAMS 0x0000000081e00000, 0x0000000081e00000| Untracked 
|  13|0x0000000081f00000, 0x0000000081f00000, 0x0000000082000000|  0%| F|  |TAMS 0x0000000081f00000, 0x0000000081f00000| Untracked 
|  14|0x0000000082000000, 0x0000000082000000, 0x0000000082100000|  0%| F|  |TAMS 0x0000000082000000, 0x0000000082000000| Untracked 
|  15|0x0000000082100000, 0x0000000082100000, 0x0000000082200000|  0%| F|  |TAMS 0x0000000082100000, 0x0000000082100000| Untracked 
|  16|0x0000000082200000, 0x0000000082200000, 0x0000000082300000|  0%| F|  |TAMS 0x0000000082200000, 0x0000000082200000| Untracked 
|  17|0x0000000082300000, 0x0000000082300000, 0x0000000082400000|  0%| F|  |TAMS 0x0000000082300000, 0x0000000082300000| Untracked 
|  18|0x0000000082400000, 0x0000000082400000, 0x0000000082500000|  0%| F|  |TAMS 0x0000000082400000, 0x0000000082400000| Untracked 
|  19|0x0000000082500000, 0x0000000082500000, 0x0000000082600000|  0%| F|  |TAMS 0x0000000082500000, 0x0000000082500000| Untracked 
|  20|0x0000000082600000, 0x0000000082600000, 0x0000000082700000|  0%| F|  |TAMS 0x0000000082600000, 0x0000000082600000| Untracked 
|  21|0x0000000082700000, 0x0000000082700000, 0x0000000082800000|  0%| F|  |TAMS 0x0000000082700000, 0x0000000082700000| Untracked 
|  22|0x0000000082800000, 0x0000000082800000, 0x0000000082900000|  0%| F|  |TAMS 0x0000000082800000, 0x0000000082800000| Untracked 
|  23|0x0000000082900000, 0x0000000082900000, 0x0000000082a00000|  0%| F|  |TAMS 0x0000000082900000, 0x0000000082900000| Untracked 
|  24|0x0000000082a00000, 0x0000000082a00000, 0x0000000082b00000|  0%| F|  |TAMS 0x0000000082a00000, 0x0000000082a00000| Untracked 
|  25|0x0000000082b00000, 0x0000000082b00000, 0x0000000082c00000|  0%| F|  |TAMS 0x0000000082b00000, 0x0000000082b00000| Untracked 
|  26|0x0000000082c00000, 0x0000000082c00000, 0x0000000082d00000|  0%| F|  |TAMS 0x0000000082c00000, 0x0000000082c00000| Untracked 
|  27|0x0000000082d00000, 0x0000000082d00000, 0x0000000082e00000|  0%| F|  |TAMS 0x0000000082d00000, 0x0000000082d00000| Untracked 
|  28|0x0000000082e00000, 0x0000000082e00000, 0x0000000082f00000|  0%| F|  |TAMS 0x0000000082e00000, 0x0000000082e00000| Untracked 
|  29|0x0000000082f00000, 0x0000000082f00000, 0x0000000083000000|  0%| F|  |TAMS 0x0000000082f00000, 0x0000000082f00000| Untracked 
|  30|0x0000000083000000, 0x0000000083000000, 0x0000000083100000|  0%| F|  |TAMS 0x0000000083000000, 0x0000000083000000| Untracked 
|  31|0x0000000083100000, 0x0000000083100000, 0x0000000083200000|  0%| F|  |TAMS 0x0000000083100000, 0x0000000083100000| Untracked 
|  32|0x0000000083200000, 0x0000000083200000, 0x0000000083300000|  0%| F|  |TAMS 0x0000000083200000, 0x0000000083200000| Untracked 
|  33|0x0000000083300000, 0x0000000083300000, 0x0000000083400000|  0%| F|  |TAMS 0x0000000083300000, 0x0000000083300000| Untracked 
|  34|0x0000000083400000, 0x0000000083400000, 0x0000000083500000|  0%| F|  |TAMS 0x0000000083400000, 0x0000000083400000| Untracked 
|  35|0x0000000083500000, 0x0000000083500000, 0x0000000083600000|  0%| F|  |TAMS 0x0000000083500000, 0x0000000083500000| Untracked 
|  36|0x0000000083600000, 0x0000000083600000, 0x0000000083700000|  0%| F|  |TAMS 0x0000000083600000, 0x0000000083600000| Untracked 
|  37|0x0000000083700000, 0x0000000083700000, 0x0000000083800000|  0%| F|  |TAMS 0x0000000083700000, 0x0000000083700000| Untracked 
|  38|0x0000000083800000, 0x0000000083800000, 0x0000000083900000|  0%| F|  |TAMS 0x0000000083800000, 0x0000000083800000| Untracked 
|  39|0x0000000083900000, 0x0000000083900000, 0x0000000083a00000|  0%| F|  |TAMS 0x0000000083900000, 0x0000000083900000| Untracked 
|  40|0x0000000083a00000, 0x0000000083a00000, 0x0000000083b00000|  0%| F|  |TAMS 0x0000000083a00000, 0x0000000083a00000| Untracked 
|  41|0x0000000083b00000, 0x0000000083b00000, 0x0000000083c00000|  0%| F|  |TAMS 0x0000000083b00000, 0x0000000083b00000| Untracked 
|  42|0x0000000083c00000, 0x0000000083c00000, 0x0000000083d00000|  0%| F|  |TAMS 0x0000000083c00000, 0x0000000083c00000| Untracked 
|  43|0x0000000083d00000, 0x0000000083d00000, 0x0000000083e00000|  0%| F|  |TAMS 0x0000000083d00000, 0x0000000083d00000| Untracked 
|  44|0x0000000083e00000, 0x0000000083e00000, 0x0000000083f00000|  0%| F|  |TAMS 0x0000000083e00000, 0x0000000083e00000| Untracked 
|  45|0x0000000083f00000, 0x0000000083f00000, 0x0000000084000000|  0%| F|  |TAMS 0x0000000083f00000, 0x0000000083f00000| Untracked 
|  46|0x0000000084000000, 0x0000000084000000, 0x0000000084100000|  0%| F|  |TAMS 0x0000000084000000, 0x0000000084000000| Untracked 
|  47|0x0000000084100000, 0x0000000084100000, 0x0000000084200000|  0%| F|  |TAMS 0x0000000084100000, 0x0000000084100000| Untracked 
|  48|0x0000000084200000, 0x0000000084200000, 0x0000000084300000|  0%| F|  |TAMS 0x0000000084200000, 0x0000000084200000| Untracked 
|  49|0x0000000084300000, 0x0000000084300000, 0x0000000084400000|  0%| F|  |TAMS 0x0000000084300000, 0x0000000084300000| Untracked 
|  50|0x0000000084400000, 0x0000000084400000, 0x0000000084500000|  0%| F|  |TAMS 0x0000000084400000, 0x0000000084400000| Untracked 
|  51|0x0000000084500000, 0x0000000084500000, 0x0000000084600000|  0%| F|  |TAMS 0x0000000084500000, 0x0000000084500000| Untracked 
|  52|0x0000000084600000, 0x0000000084600000, 0x0000000084700000|  0%| F|  |TAMS 0x0000000084600000, 0x0000000084600000| Untracked 
|  53|0x0000000084700000, 0x0000000084700000, 0x0000000084800000|  0%| F|  |TAMS 0x0000000084700000, 0x0000000084700000| Untracked 
|  54|0x0000000084800000, 0x0000000084800000, 0x0000000084900000|  0%| F|  |TAMS 0x0000000084800000, 0x0000000084800000| Untracked 
|  55|0x0000000084900000, 0x0000000084900000, 0x0000000084a00000|  0%| F|  |TAMS 0x0000000084900000, 0x0000000084900000| Untracked 
|  56|0x0000000084a00000, 0x0000000084a00000, 0x0000000084b00000|  0%| F|  |TAMS 0x0000000084a00000, 0x0000000084a00000| Untracked 
|  57|0x0000000084b00000, 0x0000000084b00000, 0x0000000084c00000|  0%| F|  |TAMS 0x0000000084b00000, 0x0000000084b00000| Untracked 
|  58|0x0000000084c00000, 0x0000000084c00000, 0x0000000084d00000|  0%| F|  |TAMS 0x0000000084c00000, 0x0000000084c00000| Untracked 
|  59|0x0000000084d00000, 0x0000000084d00000, 0x0000000084e00000|  0%| F|  |TAMS 0x0000000084d00000, 0x0000000084d00000| Untracked 
|  60|0x0000000084e00000, 0x0000000084e00000, 0x0000000084f00000|  0%| F|  |TAMS 0x0000000084e00000, 0x0000000084e00000| Untracked 
|  61|0x0000000084f00000, 0x0000000084f00000, 0x0000000085000000|  0%| F|  |TAMS 0x0000000084f00000, 0x0000000084f00000| Untracked 
|  62|0x0000000085000000, 0x0000000085000000, 0x0000000085100000|  0%| F|  |TAMS 0x0000000085000000, 0x0000000085000000| Untracked 
|  63|0x0000000085100000, 0x0000000085100000, 0x0000000085200000|  0%| F|  |TAMS 0x0000000085100000, 0x0000000085100000| Untracked 
|  64|0x0000000085200000, 0x0000000085200000, 0x0000000085300000|  0%| F|  |TAMS 0x0000000085200000, 0x0000000085200000| Untracked 
|  65|0x0000000085300000, 0x0000000085300000, 0x0000000085400000|  0%| F|  |TAMS 0x0000000085300000, 0x0000000085300000| Untracked 
|  66|0x0000000085400000, 0x0000000085400000, 0x0000000085500000|  0%| F|  |TAMS 0x0000000085400000, 0x0000000085400000| Untracked 
|  67|0x0000000085500000, 0x0000000085500000, 0x0000000085600000|  0%| F|  |TAMS 0x0000000085500000, 0x0000000085500000| Untracked 
|  68|0x0000000085600000, 0x0000000085600000, 0x0000000085700000|  0%| F|  |TAMS 0x0000000085600000, 0x0000000085600000| Untracked 
|  69|0x0000000085700000, 0x0000000085700000, 0x0000000085800000|  0%| F|  |TAMS 0x0000000085700000, 0x0000000085700000| Untracked 
|  70|0x0000000085800000, 0x0000000085800000, 0x0000000085900000|  0%| F|  |TAMS 0x0000000085800000, 0x0000000085800000| Untracked 
|  71|0x0000000085900000, 0x0000000085900000, 0x0000000085a00000|  0%| F|  |TAMS 0x0000000085900000, 0x0000000085900000| Untracked 
|  72|0x0000000085a00000, 0x0000000085a00000, 0x0000000085b00000|  0%| F|  |TAMS 0x0000000085a00000, 0x0000000085a00000| Untracked 
|  73|0x0000000085b00000, 0x0000000085b00000, 0x0000000085c00000|  0%| F|  |TAMS 0x0000000085b00000, 0x0000000085b00000| Untracked 
|  74|0x0000000085c00000, 0x0000000085c00000, 0x0000000085d00000|  0%| F|  |TAMS 0x0000000085c00000, 0x0000000085c00000| Untracked 
|  75|0x0000000085d00000, 0x0000000085d00000, 0x0000000085e00000|  0%| F|  |TAMS 0x0000000085d00000, 0x0000000085d00000| Untracked 
|  76|0x0000000085e00000, 0x0000000085e00000, 0x0000000085f00000|  0%| F|  |TAMS 0x0000000085e00000, 0x0000000085e00000| Untracked 
|  77|0x0000000085f00000, 0x0000000085f00000, 0x0000000086000000|  0%| F|  |TAMS 0x0000000085f00000, 0x0000000085f00000| Untracked 
|  78|0x0000000086000000, 0x0000000086000000, 0x0000000086100000|  0%| F|  |TAMS 0x0000000086000000, 0x0000000086000000| Untracked 
|  79|0x0000000086100000, 0x0000000086100000, 0x0000000086200000|  0%| F|  |TAMS 0x0000000086100000, 0x0000000086100000| Untracked 
|  80|0x0000000086200000, 0x0000000086200000, 0x0000000086300000|  0%| F|  |TAMS 0x0000000086200000, 0x0000000086200000| Untracked 
|  81|0x0000000086300000, 0x0000000086300000, 0x0000000086400000|  0%| F|  |TAMS 0x0000000086300000, 0x0000000086300000| Untracked 
|  82|0x0000000086400000, 0x0000000086400000, 0x0000000086500000|  0%| F|  |TAMS 0x0000000086400000, 0x0000000086400000| Untracked 
|  83|0x0000000086500000, 0x0000000086500000, 0x0000000086600000|  0%| F|  |TAMS 0x0000000086500000, 0x0000000086500000| Untracked 
|  84|0x0000000086600000, 0x0000000086600000, 0x0000000086700000|  0%| F|  |TAMS 0x0000000086600000, 0x0000000086600000| Untracked 
|  85|0x0000000086700000, 0x0000000086700000, 0x0000000086800000|  0%| F|  |TAMS 0x0000000086700000, 0x0000000086700000| Untracked 
|  86|0x0000000086800000, 0x0000000086800000, 0x0000000086900000|  0%| F|  |TAMS 0x0000000086800000, 0x0000000086800000| Untracked 
|  87|0x0000000086900000, 0x0000000086900000, 0x0000000086a00000|  0%| F|  |TAMS 0x0000000086900000, 0x0000000086900000| Untracked 
|  88|0x0000000086a00000, 0x0000000086a00000, 0x0000000086b00000|  0%| F|  |TAMS 0x0000000086a00000, 0x0000000086a00000| Untracked 
|  89|0x0000000086b00000, 0x0000000086b00000, 0x0000000086c00000|  0%| F|  |TAMS 0x0000000086b00000, 0x0000000086b00000| Untracked 
|  90|0x0000000086c00000, 0x0000000086c00000, 0x0000000086d00000|  0%| F|  |TAMS 0x0000000086c00000, 0x0000000086c00000| Untracked 
|  91|0x0000000086d00000, 0x0000000086d00000, 0x0000000086e00000|  0%| F|  |TAMS 0x0000000086d00000, 0x0000000086d00000| Untracked 
|  92|0x0000000086e00000, 0x0000000086e00000, 0x0000000086f00000|  0%| F|  |TAMS 0x0000000086e00000, 0x0000000086e00000| Untracked 
|  93|0x0000000086f00000, 0x0000000086f00000, 0x0000000087000000|  0%| F|  |TAMS 0x0000000086f00000, 0x0000000086f00000| Untracked 
|  94|0x0000000087000000, 0x0000000087000000, 0x0000000087100000|  0%| F|  |TAMS 0x0000000087000000, 0x0000000087000000| Untracked 
|  95|0x0000000087100000, 0x0000000087100000, 0x0000000087200000|  0%| F|  |TAMS 0x0000000087100000, 0x0000000087100000| Untracked 
|  96|0x0000000087200000, 0x0000000087200000, 0x0000000087300000|  0%| F|  |TAMS 0x0000000087200000, 0x0000000087200000| Untracked 
|  97|0x0000000087300000, 0x0000000087300000, 0x0000000087400000|  0%| F|  |TAMS 0x0000000087300000, 0x0000000087300000| Untracked 
|  98|0x0000000087400000, 0x0000000087400000, 0x0000000087500000|  0%| F|  |TAMS 0x0000000087400000, 0x0000000087400000| Untracked 
|  99|0x0000000087500000, 0x0000000087500000, 0x0000000087600000|  0%| F|  |TAMS 0x0000000087500000, 0x0000000087500000| Untracked 
| 100|0x0000000087600000, 0x0000000087600000, 0x0000000087700000|  0%| F|  |TAMS 0x0000000087600000, 0x0000000087600000| Untracked 
| 101|0x0000000087700000, 0x0000000087700000, 0x0000000087800000|  0%| F|  |TAMS 0x0000000087700000, 0x0000000087700000| Untracked 
| 102|0x0000000087800000, 0x0000000087800000, 0x0000000087900000|  0%| F|  |TAMS 0x0000000087800000, 0x0000000087800000| Untracked 
| 103|0x0000000087900000, 0x0000000087900000, 0x0000000087a00000|  0%| F|  |TAMS 0x0000000087900000, 0x0000000087900000| Untracked 
| 104|0x0000000087a00000, 0x0000000087a00000, 0x0000000087b00000|  0%| F|  |TAMS 0x0000000087a00000, 0x0000000087a00000| Untracked 
| 105|0x0000000087b00000, 0x0000000087b00000, 0x0000000087c00000|  0%| F|  |TAMS 0x0000000087b00000, 0x0000000087b00000| Untracked 
| 106|0x0000000087c00000, 0x0000000087c00000, 0x0000000087d00000|  0%| F|  |TAMS 0x0000000087c00000, 0x0000000087c00000| Untracked 
| 107|0x0000000087d00000, 0x0000000087d00000, 0x0000000087e00000|  0%| F|  |TAMS 0x0000000087d00000, 0x0000000087d00000| Untracked 
| 108|0x0000000087e00000, 0x0000000087e00000, 0x0000000087f00000|  0%| F|  |TAMS 0x0000000087e00000, 0x0000000087e00000| Untracked 
| 109|0x0000000087f00000, 0x0000000087f00000, 0x0000000088000000|  0%| F|  |TAMS 0x0000000087f00000, 0x0000000087f00000| Untracked 
| 110|0x0000000088000000, 0x0000000088000000, 0x0000000088100000|  0%| F|  |TAMS 0x0000000088000000, 0x0000000088000000| Untracked 
| 111|0x0000000088100000, 0x0000000088100000, 0x0000000088200000|  0%| F|  |TAMS 0x0000000088100000, 0x0000000088100000| Untracked 
| 112|0x0000000088200000, 0x0000000088200000, 0x0000000088300000|  0%| F|  |TAMS 0x0000000088200000, 0x0000000088200000| Untracked 
| 113|0x0000000088300000, 0x0000000088300000, 0x0000000088400000|  0%| F|  |TAMS 0x0000000088300000, 0x0000000088300000| Untracked 
| 114|0x0000000088400000, 0x0000000088400000, 0x0000000088500000|  0%| F|  |TAMS 0x0000000088400000, 0x0000000088400000| Untracked 
| 115|0x0000000088500000, 0x0000000088500000, 0x0000000088600000|  0%| F|  |TAMS 0x0000000088500000, 0x0000000088500000| Untracked 
| 116|0x0000000088600000, 0x0000000088600000, 0x0000000088700000|  0%| F|  |TAMS 0x0000000088600000, 0x0000000088600000| Untracked 
| 117|0x0000000088700000, 0x0000000088700000, 0x0000000088800000|  0%| F|  |TAMS 0x0000000088700000, 0x0000000088700000| Untracked 
| 118|0x0000000088800000, 0x0000000088800000, 0x0000000088900000|  0%| F|  |TAMS 0x0000000088800000, 0x0000000088800000| Untracked 
| 119|0x0000000088900000, 0x0000000088900000, 0x0000000088a00000|  0%| F|  |TAMS 0x0000000088900000, 0x0000000088900000| Untracked 
| 120|0x0000000088a00000, 0x0000000088a00000, 0x0000000088b00000|  0%| F|  |TAMS 0x0000000088a00000, 0x0000000088a00000| Untracked 
| 121|0x0000000088b00000, 0x0000000088b00000, 0x0000000088c00000|  0%| F|  |TAMS 0x0000000088b00000, 0x0000000088b00000| Untracked 
| 122|0x0000000088c00000, 0x0000000088c76508, 0x0000000088d00000| 46%| E|  |TAMS 0x0000000088c00000, 0x0000000088c00000| Complete 
| 123|0x0000000088d00000, 0x0000000088e00000, 0x0000000088e00000|100%| E|CS|TAMS 0x0000000088d00000, 0x0000000088d00000| Complete 
| 124|0x0000000088e00000, 0x0000000088f00000, 0x0000000088f00000|100%| E|CS|TAMS 0x0000000088e00000, 0x0000000088e00000| Complete 
| 125|0x0000000088f00000, 0x0000000089000000, 0x0000000089000000|100%| E|CS|TAMS 0x0000000088f00000, 0x0000000088f00000| Complete 
| 126|0x0000000089000000, 0x0000000089100000, 0x0000000089100000|100%| E|CS|TAMS 0x0000000089000000, 0x0000000089000000| Complete 
| 127|0x0000000089100000, 0x0000000089200000, 0x0000000089200000|100%| E|CS|TAMS 0x0000000089100000, 0x0000000089100000| Complete 

Card table byte_map: [0x000001d9dcc50000,0x000001d9dd050000] _byte_map_base: 0x000001d9dc847000

Marking Bits (Prev, Next): (CMBitMap*) 0x000001d9c9eabea0, (CMBitMap*) 0x000001d9c9eabee0
 Prev Bits: [0x000001d9dd450000, 0x000001d9df408000)
 Next Bits: [0x000001d9df410000, 0x000001d9e13c8000)

Polling page: 0x000001d9c9650000

Metaspace:

Usage:
  Non-class:      8.33 MB used.
      Class:    805.23 KB used.
       Both:      9.12 MB used.

Virtual space:
  Non-class space:       16.00 MB reserved,       8.38 MB ( 52%) committed,  2 nodes.
      Class space:        1.00 GB reserved,     896.00 KB ( <1%) committed,  1 nodes.
             Both:        1.02 GB reserved,       9.25 MB ( <1%) committed. 

Chunk freelists:
   Non-Class:  2.72 MB
       Class:  3.09 MB
        Both:  5.81 MB

MaxMetaspaceSize: unlimited
CompressedClassSpaceSize: 1.00 GB
Initial GC threshold: 21.00 MB
Current GC threshold: 21.00 MB
CDS: off
MetaspaceReclaimPolicy: balanced
 - commit_granule_bytes: 65536.
 - commit_granule_words: 8192.
 - virtual_space_node_default_size: 1048576.
 - enlarge_chunks_in_place: 1.
 - new_chunks_are_fully_committed: 0.
 - uncommit_free_chunks: 1.
 - use_allocation_guard: 0.
 - handle_deallocations: 1.


Internal statistics:

num_allocs_failed_limit: 0.
num_arena_births: 8.
num_arena_deaths: 0.
num_vsnodes_births: 3.
num_vsnodes_deaths: 0.
num_space_committed: 148.
num_space_uncommitted: 0.
num_chunks_returned_to_freelist: 0.
num_chunks_taken_from_freelist: 48.
num_chunk_merges: 0.
num_chunk_splits: 20.
num_chunks_enlarged: 14.
num_purges: 0.
num_inconsistent_stats: 0.

CodeHeap 'non-profiled nmethods': size=120000Kb used=141Kb max_used=141Kb free=119858Kb
 bounds [0x000001d9d4ff0000, 0x000001d9d5260000, 0x000001d9dc520000]
CodeHeap 'profiled nmethods': size=120000Kb used=605Kb max_used=605Kb free=119394Kb
 bounds [0x000001d9cdac0000, 0x000001d9cdd30000, 0x000001d9d4ff0000]
CodeHeap 'non-nmethods': size=5760Kb used=1197Kb max_used=1217Kb free=4562Kb
 bounds [0x000001d9cd520000, 0x000001d9cd790000, 0x000001d9cdac0000]
 total_blobs=820 nmethods=409 adapters=324
 compilation: enabled
              stopped_count=0, restarted_count=0
 full_count=0

Compilation events (20 events):
Event: 0.477 Thread 0x000001d9e480f4f0  402       1       br.unicap.ed2.base.No::getDireita (5 bytes)
Event: 0.477 Thread 0x000001d9e480f4f0 nmethod 402 0x000001d9d5010790 code [0x000001d9d5010920, 0x000001d9d50109f8]
Event: 0.477 Thread 0x000001d9e480f4f0  404       1       java.nio.Buffer::position (5 bytes)
Event: 0.478 Thread 0x000001d9e480f4f0 nmethod 404 0x000001d9d5010a90 code [0x000001d9d5010c20, 0x000001d9d5010cf8]
Event: 0.482 Thread 0x000001d9e4804a30 nmethod 400 0x000001d9d5010d90 code [0x000001d9d5010f20, 0x000001d9d5011388]
Event: 0.509 Thread 0x000001d9e51f0a90 nmethod 383 0x000001d9d5011590 code [0x000001d9d5011740, 0x000001d9d5012a18]
Event: 322.877 Thread 0x000001d9e480f4f0  405       1       org.eclipse.jdt.launching.internal.org.objectweb.asm.SymbolTable::getMajorVersion (5 bytes)
Event: 322.878 Thread 0x000001d9e480f4f0 nmethod 405 0x000001d9d5012e90 code [0x000001d9d5013020, 0x000001d9d50130f8]
Event: 322.878 Thread 0x000001d9e480f4f0  406       1       org.eclipse.jdt.launching.internal.org.objectweb.asm.SymbolTable::getSource (5 bytes)
Event: 322.878 Thread 0x000001d9e480f4f0 nmethod 406 0x000001d9d5013190 code [0x000001d9d5013320, 0x000001d9d50133f8]
Event: 402.176 Thread 0x000001d9e480f4f0  407       3       org.eclipse.jdt.launching.internal.org.objectweb.asm.SymbolTable::get (13 bytes)
Event: 402.176 Thread 0x000001d9e480f4f0 nmethod 407 0x000001d9cdb56810 code [0x000001d9cdb569a0, 0x000001d9cdb56af8]
Event: 402.176 Thread 0x000001d9e480f4f0  408       3       org.eclipse.jdt.launching.internal.org.objectweb.asm.SymbolTable::addConstantUtf8 (98 bytes)
Event: 402.180 Thread 0x000001d9e480f4f0 

Event: 402.180 Thread 0x000001d9e480f4f0  409       3       org.eclipse.jdt.launching.internal.org.objectweb.asm.ByteVector::putShort (52 bytes)
Event: 402.180 Thread 0x000001d9e480f4f0 nmethod 409 0x000001d9cdb56c10 code [0x000001d9cdb56dc0, 0x000001d9cdb56fc8]
Event: 416.721 Thread 0x000001d9e4804a30  410       4       java.lang.StringUTF16::compress (50 bytes)
Event: 416.721 Thread 0x000001d9e480f4f0  411       3       org.eclipse.jdt.launching.internal.org.objectweb.asm.ClassReader::readInt (52 bytes)
Event: 416.721 Thread 0x000001d9e480f4f0 nmethod 411 0x000001d9cdb57110 code [0x000001d9cdb572a0, 0x000001d9cdb57478]
Event: 416.731 Thread 0x000001d9e4804a30 


GC Heap History (0 events):
No events

Deoptimization events (20 events):
Event: 0.443 Thread 0x000001d9c9e6c5d0 DEOPT PACKING pc=0x000001d9cdb3692c sp=0x000000960d1fbee0
Event: 0.443 Thread 0x000001d9c9e6c5d0 DEOPT UNPACKING pc=0x000001d9cd572b43 sp=0x000000960d1fb348 mode 0
Event: 0.446 Thread 0x000001d9c9e6c5d0 DEOPT PACKING pc=0x000001d9cdb3692c sp=0x000000960d1f8410
Event: 0.446 Thread 0x000001d9c9e6c5d0 DEOPT UNPACKING pc=0x000001d9cd572b43 sp=0x000000960d1f7878 mode 0
Event: 0.449 Thread 0x000001d9c9e6c5d0 DEOPT PACKING pc=0x000001d9cdb3692c sp=0x000000960d1fbe10
Event: 0.449 Thread 0x000001d9c9e6c5d0 DEOPT UNPACKING pc=0x000001d9cd572b43 sp=0x000000960d1fb278 mode 0
Event: 0.452 Thread 0x000001d9c9e6c5d0 DEOPT PACKING pc=0x000001d9cdb3692c sp=0x000000960d1fbee0
Event: 0.452 Thread 0x000001d9c9e6c5d0 DEOPT UNPACKING pc=0x000001d9cd572b43 sp=0x000000960d1fb348 mode 0
Event: 0.459 Thread 0x000001d9c9e6c5d0 DEOPT PACKING pc=0x000001d9cdb3692c sp=0x000000960d1f8080
Event: 0.459 Thread 0x000001d9c9e6c5d0 DEOPT UNPACKING pc=0x000001d9cd572b43 sp=0x000000960d1f74e8 mode 0
Event: 0.460 Thread 0x000001d9c9e6c5d0 DEOPT PACKING pc=0x000001d9cdb36854 sp=0x000000960d1f8080
Event: 0.460 Thread 0x000001d9c9e6c5d0 DEOPT UNPACKING pc=0x000001d9cd572b43 sp=0x000000960d1f74e8 mode 0
Event: 0.460 Thread 0x000001d9c9e6c5d0 DEOPT PACKING pc=0x000001d9cdb36854 sp=0x000000960d1f8080
Event: 0.460 Thread 0x000001d9c9e6c5d0 DEOPT UNPACKING pc=0x000001d9cd572b43 sp=0x000000960d1f74e8 mode 0
Event: 0.460 Thread 0x000001d9c9e6c5d0 DEOPT PACKING pc=0x000001d9cdb36854 sp=0x000000960d1f8080
Event: 0.460 Thread 0x000001d9c9e6c5d0 DEOPT UNPACKING pc=0x000001d9cd572b43 sp=0x000000960d1f74e8 mode 0
Event: 0.476 Thread 0x000001d9c9e6c5d0 Uncommon trap: trap_request=0xffffff45 fr.pc=0x000001d9d4ff95f8 relative=0x0000000000000258
Event: 0.476 Thread 0x000001d9c9e6c5d0 Uncommon trap: reason=unstable_if action=reinterpret pc=0x000001d9d4ff95f8 method=java.lang.String.isLatin1()Z @ 10 c2
Event: 0.476 Thread 0x000001d9c9e6c5d0 DEOPT PACKING pc=0x000001d9d4ff95f8 sp=0x000000960d1fd120
Event: 0.476 Thread 0x000001d9c9e6c5d0 DEOPT UNPACKING pc=0x000001d9cd5723a3 sp=0x000000960d1fd050 mode 2

Classes unloaded (0 events):
No events

Classes redefined (3 events):
Event: 322.878 Thread 0x000001d9e3d9d020 redefined class name=br.unicap.ed2.avl.ArvoreAVL, count=1
Event: 402.177 Thread 0x000001d9e3d9d020 redefined class name=br.unicap.ed2.avl.ArvoreAVL, count=2
Event: 416.722 Thread 0x000001d9e3d9d020 redefined class name=br.unicap.ed2.avl.ArvoreAVL, count=3

Internal exceptions (0 events):
No events

VM Operations (20 events):
Event: 20.151 Executing VM operation: get/set locals
Event: 20.151 Executing VM operation: get/set locals done
Event: 20.151 Executing VM operation: get/set locals
Event: 20.152 Executing VM operation: get/set locals done
Event: 20.152 Executing VM operation: get/set locals
Event: 20.152 Executing VM operation: get/set locals done
Event: 20.152 Executing VM operation: get/set locals
Event: 20.152 Executing VM operation: get/set locals done
Event: 322.878 Executing VM operation: RedefineClasses
Event: 322.880 Executing VM operation: RedefineClasses done
Event: 322.886 Executing VM operation: ChangeBreakpoints
Event: 322.887 Executing VM operation: ChangeBreakpoints done
Event: 402.177 Executing VM operation: RedefineClasses
Event: 402.180 Executing VM operation: RedefineClasses done
Event: 402.186 Executing VM operation: ChangeBreakpoints
Event: 402.186 Executing VM operation: ChangeBreakpoints done
Event: 416.721 Executing VM operation: RedefineClasses
Event: 416.724 Executing VM operation: RedefineClasses done
Event: 416.732 Executing VM operation: ChangeBreakpoints
Event: 416.732 Executing VM operation: ChangeBreakpoints done

Events (20 events):
Event: 0.424 loading class jdk/internal/reflect/ClassFileAssembler done
Event: 0.425 loading class jdk/internal/reflect/UTF8
Event: 0.425 loading class jdk/internal/reflect/UTF8 done
Event: 0.425 loading class jdk/internal/reflect/Label
Event: 0.425 loading class jdk/internal/reflect/Label done
Event: 0.425 loading class jdk/internal/reflect/Label$PatchInfo
Event: 0.425 loading class jdk/internal/reflect/Label$PatchInfo done
Event: 0.425 loading class jdk/internal/reflect/MethodAccessorGenerator$1
Event: 0.426 loading class jdk/internal/reflect/MethodAccessorGenerator$1 done
Event: 0.426 loading class jdk/internal/reflect/ClassDefiner
Event: 0.426 loading class jdk/internal/reflect/ClassDefiner done
Event: 0.426 loading class jdk/internal/reflect/ClassDefiner$1
Event: 0.426 loading class jdk/internal/reflect/ClassDefiner$1 done
Event: 0.426 loading class jdk/internal/reflect/BootstrapConstructorAccessorImpl
Event: 0.426 loading class jdk/internal/reflect/BootstrapConstructorAccessorImpl done
Event: 0.433 loading class java/lang/TypeNotPresentException
Event: 0.433 loading class java/lang/TypeNotPresentException done
Event: 0.462 loading class java/lang/IllegalStateException
Event: 0.462 loading class java/lang/IllegalStateException done
Event: 5.518 Thread 0x000001d9e51f0a90 Thread exited: 0x000001d9e51f0a90


Dynamic libraries:
0x00007ff7cf670000 - 0x00007ff7cf67e000 	C:\Users\dougl\.p2\pool\plugins\org.eclipse.justj.openjdk.hotspot.jre.full.win32.x86_64_17.0.0.v20211012-1059\jre\bin\javaw.exe
0x00007ffe7dcf0000 - 0x00007ffe7dee5000 	C:\Windows\SYSTEM32\ntdll.dll
0x00007ffe7dbd0000 - 0x00007ffe7dc8e000 	C:\Windows\System32\KERNEL32.DLL
0x00007ffe7b440000 - 0x00007ffe7b709000 	C:\Windows\System32\KERNELBASE.dll
0x00007ffe7b910000 - 0x00007ffe7ba10000 	C:\Windows\System32\ucrtbase.dll
0x00007ffe75f40000 - 0x00007ffe75f59000 	C:\Users\dougl\.p2\pool\plugins\org.eclipse.justj.openjdk.hotspot.jre.full.win32.x86_64_17.0.0.v20211012-1059\jre\bin\VCRUNTIME140.dll
0x00007ffe741d0000 - 0x00007ffe741e8000 	C:\Users\dougl\.p2\pool\plugins\org.eclipse.justj.openjdk.hotspot.jre.full.win32.x86_64_17.0.0.v20211012-1059\jre\bin\jli.dll
0x00007ffe7bf80000 - 0x00007ffe7c121000 	C:\Windows\System32\USER32.dll
0x00007ffe7b410000 - 0x00007ffe7b432000 	C:\Windows\System32\win32u.dll
0x00007ffe7cce0000 - 0x00007ffe7cd0b000 	C:\Windows\System32\GDI32.dll
0x00007ffe68030000 - 0x00007ffe682ca000 	C:\Windows\WinSxS\amd64_microsoft.windows.common-controls_6595b64144ccf1df_6.0.19041.1110_none_60b5254171f9507e\COMCTL32.dll
0x00007ffe7bb80000 - 0x00007ffe7bc8b000 	C:\Windows\System32\gdi32full.dll
0x00007ffe7c130000 - 0x00007ffe7c1ce000 	C:\Windows\System32\msvcrt.dll
0x00007ffe7b870000 - 0x00007ffe7b90d000 	C:\Windows\System32\msvcp_win.dll
0x00007ffe7cd10000 - 0x00007ffe7cd40000 	C:\Windows\System32\IMM32.DLL
0x00007ffe75fe0000 - 0x00007ffe75fec000 	C:\Users\dougl\.p2\pool\plugins\org.eclipse.justj.openjdk.hotspot.jre.full.win32.x86_64_17.0.0.v20211012-1059\jre\bin\vcruntime140_1.dll
0x00007ffe69070000 - 0x00007ffe69101000 	C:\Users\dougl\.p2\pool\plugins\org.eclipse.justj.openjdk.hotspot.jre.full.win32.x86_64_17.0.0.v20211012-1059\jre\bin\msvcp140.dll
0x00007ffe2d870000 - 0x00007ffe2e4b6000 	C:\Users\dougl\.p2\pool\plugins\org.eclipse.justj.openjdk.hotspot.jre.full.win32.x86_64_17.0.0.v20211012-1059\jre\bin\server\jvm.dll
0x00007ffe7da50000 - 0x00007ffe7dafc000 	C:\Windows\System32\ADVAPI32.dll
0x00007ffe7cff0000 - 0x00007ffe7d08b000 	C:\Windows\System32\sechost.dll
0x00007ffe7c910000 - 0x00007ffe7ca3a000 	C:\Windows\System32\RPCRT4.dll
0x00007ffe7cf50000 - 0x00007ffe7cf58000 	C:\Windows\System32\PSAPI.DLL
0x00007ffe72830000 - 0x00007ffe72839000 	C:\Windows\SYSTEM32\WSOCK32.dll
0x00007ffe7d9e0000 - 0x00007ffe7da4b000 	C:\Windows\System32\WS2_32.dll
0x00007ffe70570000 - 0x00007ffe70597000 	C:\Windows\SYSTEM32\WINMM.dll
0x00007ffe72950000 - 0x00007ffe7295a000 	C:\Windows\SYSTEM32\VERSION.dll
0x00007ffe79c90000 - 0x00007ffe79ca2000 	C:\Windows\SYSTEM32\kernel.appcore.dll
0x00007ffe72820000 - 0x00007ffe7282a000 	C:\Users\dougl\.p2\pool\plugins\org.eclipse.justj.openjdk.hotspot.jre.full.win32.x86_64_17.0.0.v20211012-1059\jre\bin\jimage.dll
0x00007ffe790c0000 - 0x00007ffe792a4000 	C:\Windows\SYSTEM32\DBGHELP.DLL
0x00007ffe619a0000 - 0x00007ffe619cc000 	C:\Windows\SYSTEM32\dbgcore.DLL
0x00007ffe7baa0000 - 0x00007ffe7bb23000 	C:\Windows\System32\bcryptPrimitives.dll
0x00007ffe74190000 - 0x00007ffe741cb000 	C:\Users\dougl\.p2\pool\plugins\org.eclipse.justj.openjdk.hotspot.jre.full.win32.x86_64_17.0.0.v20211012-1059\jre\bin\jdwp.dll
0x00007ffe75380000 - 0x00007ffe7538e000 	C:\Users\dougl\.p2\pool\plugins\org.eclipse.justj.openjdk.hotspot.jre.full.win32.x86_64_17.0.0.v20211012-1059\jre\bin\instrument.dll
0x00007ffe727f0000 - 0x00007ffe72815000 	C:\Users\dougl\.p2\pool\plugins\org.eclipse.justj.openjdk.hotspot.jre.full.win32.x86_64_17.0.0.v20211012-1059\jre\bin\java.dll
0x00007ffe727d0000 - 0x00007ffe727e8000 	C:\Users\dougl\.p2\pool\plugins\org.eclipse.justj.openjdk.hotspot.jre.full.win32.x86_64_17.0.0.v20211012-1059\jre\bin\zip.dll
0x00007ffe7c1d0000 - 0x00007ffe7c90f000 	C:\Windows\System32\SHELL32.dll
0x00007ffe794f0000 - 0x00007ffe79c80000 	C:\Windows\SYSTEM32\windows.storage.dll
0x00007ffe7d140000 - 0x00007ffe7d495000 	C:\Windows\System32\combase.dll
0x00007ffe7ae60000 - 0x00007ffe7ae8c000 	C:\Windows\SYSTEM32\Wldp.dll
0x00007ffe7bd40000 - 0x00007ffe7bded000 	C:\Windows\System32\SHCORE.dll
0x00007ffe7ca40000 - 0x00007ffe7ca95000 	C:\Windows\System32\shlwapi.dll
0x00007ffe7b350000 - 0x00007ffe7b36f000 	C:\Windows\SYSTEM32\profapi.dll
0x00007ffe74180000 - 0x00007ffe7418c000 	C:\Users\dougl\.p2\pool\plugins\org.eclipse.justj.openjdk.hotspot.jre.full.win32.x86_64_17.0.0.v20211012-1059\jre\bin\dt_socket.dll
0x00007ffe7a860000 - 0x00007ffe7a89b000 	C:\Windows\SYSTEM32\IPHLPAPI.DLL
0x00007ffe7abc0000 - 0x00007ffe7ac2a000 	C:\Windows\system32\mswsock.dll
0x00007ffe7a8b0000 - 0x00007ffe7a97c000 	C:\Windows\SYSTEM32\DNSAPI.dll
0x00007ffe7ce20000 - 0x00007ffe7ce28000 	C:\Windows\System32\NSI.dll
0x00007ffe6ea00000 - 0x00007ffe6ea0a000 	C:\Windows\System32\rasadhlp.dll
0x00007ffe6f5f0000 - 0x00007ffe6f66f000 	C:\Windows\System32\fwpuclnt.dll
0x00007ffe7ba70000 - 0x00007ffe7ba97000 	C:\Windows\System32\bcrypt.dll
0x00007ffe72620000 - 0x00007ffe72639000 	C:\Users\dougl\.p2\pool\plugins\org.eclipse.justj.openjdk.hotspot.jre.full.win32.x86_64_17.0.0.v20211012-1059\jre\bin\net.dll
0x00007ffe6f4e0000 - 0x00007ffe6f5e8000 	C:\Windows\SYSTEM32\WINHTTP.dll
0x00007ffe6f370000 - 0x00007ffe6f385000 	C:\Users\dougl\.p2\pool\plugins\org.eclipse.justj.openjdk.hotspot.jre.full.win32.x86_64_17.0.0.v20211012-1059\jre\bin\nio.dll
0x00007ffe6f350000 - 0x00007ffe6f360000 	C:\Users\dougl\.p2\pool\plugins\org.eclipse.justj.openjdk.hotspot.jre.full.win32.x86_64_17.0.0.v20211012-1059\jre\bin\verify.dll

dbghelp: loaded successfully - version: 4.0.5 - missing functions: none
symbol engine: initialized successfully - sym options: 0x614 - pdb path: .;C:\Users\dougl\.p2\pool\plugins\org.eclipse.justj.openjdk.hotspot.jre.full.win32.x86_64_17.0.0.v20211012-1059\jre\bin;C:\Windows\SYSTEM32;C:\Windows\WinSxS\amd64_microsoft.windows.common-controls_6595b64144ccf1df_6.0.19041.1110_none_60b5254171f9507e;C:\Users\dougl\.p2\pool\plugins\org.eclipse.justj.openjdk.hotspot.jre.full.win32.x86_64_17.0.0.v20211012-1059\jre\bin\server

VM Arguments:
jvm_args: -XX:+ShowCodeDetailsInExceptionMessages -agentlib:jdwp=transport=dt_socket,suspend=y,address=localhost:60376 -javaagent:C:\Users\dougl\eclipse\java-2021-09\eclipse\configuration\org.eclipse.osgi\222\0\.cp\lib\javaagent-shaded.jar -Dfile.encoding=UTF-8 
java_command: br.unicap.ed2.avl.ArvoreAVL
java_class_path (initial): C:\Users\dougl\Desktop\Douglas\Estudos\Unicap\Estrutura de dados 2\Testes\Arvores\Ed2Teste\target\classes
Launcher Type: SUN_STANDARD

[Global flags]
     intx CICompilerCount                          = 4                                         {product} {ergonomic}
     uint ConcGCThreads                            = 2                                         {product} {ergonomic}
     uint G1ConcRefinementThreads                  = 8                                         {product} {ergonomic}
   size_t G1HeapRegionSize                         = 1048576                                   {product} {ergonomic}
    uintx GCDrainStackTargetSize                   = 64                                        {product} {ergonomic}
   size_t InitialHeapSize                          = 134217728                                 {product} {ergonomic}
   size_t MarkStackSize                            = 4194304                                   {product} {ergonomic}
   size_t MaxHeapSize                              = 2128609280                                {product} {ergonomic}
   size_t MaxNewSize                               = 1277165568                                {product} {ergonomic}
   size_t MinHeapDeltaBytes                        = 1048576                                   {product} {ergonomic}
   size_t MinHeapSize                              = 8388608                                   {product} {ergonomic}
    uintx NonNMethodCodeHeapSize                   = 5839372                                {pd product} {ergonomic}
    uintx NonProfiledCodeHeapSize                  = 122909434                              {pd product} {ergonomic}
    uintx ProfiledCodeHeapSize                     = 122909434                              {pd product} {ergonomic}
    uintx ReservedCodeCacheSize                    = 251658240                              {pd product} {ergonomic}
     bool SegmentedCodeCache                       = true                                      {product} {ergonomic}
     bool ShowCodeDetailsInExceptionMessages       = true                                   {manageable} {command line}
   size_t SoftMaxHeapSize                          = 2128609280                             {manageable} {ergonomic}
     bool UseCompressedClassPointers               = true                           {product lp64_product} {ergonomic}
     bool UseCompressedOops                        = true                           {product lp64_product} {ergonomic}
     bool UseG1GC                                  = true                                      {product} {ergonomic}
     bool UseLargePagesIndividualAllocation        = false                                  {pd product} {ergonomic}

Logging:
Log output configuration:
 #0: stdout all=warning uptime,level,tags
 #1: stderr all=off uptime,level,tags

Environment Variables:
PATH=C:\Users\dougl\.p2\pool\plugins\org.eclipse.justj.openjdk.hotspot.jre.full.win32.x86_64_17.0.0.v20211012-1059\jre\bin;C:/Users/dougl/.p2/pool/plugins/org.eclipse.justj.openjdk.hotspot.jre.full.win32.x86_64_17.0.0.v20211012-1059/jre/bin/server;C:/Users/dougl/.p2/pool/plugins/org.eclipse.justj.openjdk.hotspot.jre.full.win32.x86_64_17.0.0.v20211012-1059/jre/bin;C:\Program Files\Eclipse Foundation\jdk-17.0.0.35-hotspot\bin;C:\Windows\system32;C:\Windows;C:\Windows\System32\Wbem;C:\Windows\System32\WindowsPowerShell\v1.0\;C:\Windows\System32\OpenSSH\;C:\Program Files\dotnet\;C:\Program Files\Microsoft SQL Server\130\Tools\Binn\;C:\Program Files\NVIDIA Corporation\NVIDIA NvDLISR;C:\Program Files (x86)\NVIDIA Corporation\PhysX\Common;C:\Program Files\Git\cmd;C:\Program Files\Microsoft SQL Server\Client SDK\ODBC\170\Tools\Binn\;C:\Program Files\nodejs\;C:\Users\dougl\AppData\Local\Microsoft\WindowsApps;;C:\Users\dougl\AppData\Local\Programs\Microsoft VS Code\bin;C:\Users\dougl\.dotnet\tools;C:\Users\dougl\AppData\Roaming\npm;C:\Windows\System32;
USERNAME=dougl
OS=Windows_NT
PROCESSOR_IDENTIFIER=Intel64 Family 6 Model 158 Stepping 13, GenuineIntel



---------------  S Y S T E M  ---------------

OS:
 Windows 10 , 64 bit Build 19041 (10.0.19041.1202)
OS uptime: 6 days 7:15 hours

CPU: total 8 (initial active 8) (4 cores per cpu, 2 threads per core) family 6 model 158 stepping 13 microcode 0xea, cx8, cmov, fxsr, ht, mmx, 3dnowpref, sse, sse2, sse3, ssse3, sse4.1, sse4.2, popcnt, lzcnt, tsc, tscinvbit, avx, avx2, aes, erms, clmul, bmi1, bmi2, adx, fma, vzeroupper, clflush, clflushopt

Memory: 4k page, system-wide physical 8112M (3686M free)
TotalPageFile size 13488M (AvailPageFile size 5825M)
current process WorkingSet (physical memory assigned to process): 44M, peak: 48M
current process commit charge ("private bytes"): 209M, peak: 214M

vm_info: OpenJDK 64-Bit Server VM (17+35) for windows-amd64 JRE (17+35), built on Sep 14 2021 17:27:39 by "" with MS VC++ 16.7 (VS2019)

END.
